<?xml version="1.0" encoding="UTF-8"?>
<testsuite name="SolutionTest" tests="3" skipped="0" failures="0" errors="0" timestamp="2022-06-22T16:21:00" hostname="yuanyu-ubuntu" time="0.034">
  <properties/>
  <testcase name="findItineraryExample1()" classname="SolutionTest" time="0.03"/>
  <testcase name="findItineraryExample2()" classname="SolutionTest" time="0.001"/>
  <testcase name="findItineraryExample3()" classname="SolutionTest" time="0.001"/>
  <system-out><![CDATA[]]></system-out>
  <system-err><![CDATA[]]></system-err>
</testsuite>
